c:\users\дмитрий\source\repos\dmpe_lr1\dmpe_lr1\x64\debug\vc143.pdb
c:\users\дмитрий\source\repos\dmpe_lr1\dmpe_lr1\x64\debug\vc143.idb
c:\users\дмитрий\source\repos\dmpe_lr1\dmpe_lr1\x64\debug\linearalgebraalgorithms.obj
c:\users\дмитрий\source\repos\dmpe_lr1\dmpe_lr1\x64\debug\main.obj
c:\users\дмитрий\source\repos\dmpe_lr1\dmpe_lr1\x64\debug\luprecondition.obj
c:\users\дмитрий\source\repos\dmpe_lr1\dmpe_lr1\x64\debug\los_lu.obj
c:\users\дмитрий\source\repos\dmpe_lr1\dmpe_lr1\x64\debug\inverseproblemsolutionr.obj
c:\users\дмитрий\source\repos\dmpe_lr1\dmpe_lr1\x64\debug\input.obj
c:\users\дмитрий\source\repos\dmpe_lr1\dmpe_lr1\x64\debug\gausssolver.obj
c:\users\дмитрий\source\repos\dmpe_lr1\dmpe_lr1\x64\debug\functionsofarea.obj
c:\users\дмитрий\source\repos\dmpe_lr1\dmpe_lr1\x64\debug\functionsforglobalmatrix.obj
c:\users\дмитрий\source\repos\dmpe_lr1\dmpe_lr1\x64\debug\calcglobalmatrix.obj
c:\users\дмитрий\source\repos\dmpe_lr1\dmpe_lr1\x64\debug\additionalfunctions.obj
c:\users\дмитрий\source\repos\dmpe_lr1\dmpe_lr1\x64\debug\structures.h.ifc
c:\users\дмитрий\source\repos\dmpe_lr1\dmpe_lr1\x64\debug\structures.h.ifc.d.json
c:\users\дмитрий\source\repos\dmpe_lr1\dmpe_lr1\x64\debug\structures.h.obj
c:\users\дмитрий\source\repos\dmpe_lr1\x64\debug\dmpe_lr1.exe
c:\users\дмитрий\source\repos\dmpe_lr1\x64\debug\dmpe_lr1.pdb
c:\users\дмитрий\source\repos\dmpe_lr1\dmpe_lr1\x64\debug\structures.h.module.json
c:\users\дмитрий\source\repos\dmpe_lr1\dmpe_lr1\x64\debug\dmpe_lr1.ilk
c:\users\дмитрий\source\repos\dmpe_lr1\dmpe_lr1\x64\debug\dmpe_lr1.tlog\cl.command.1.tlog
c:\users\дмитрий\source\repos\dmpe_lr1\dmpe_lr1\x64\debug\dmpe_lr1.tlog\cl.items.tlog
c:\users\дмитрий\source\repos\dmpe_lr1\dmpe_lr1\x64\debug\dmpe_lr1.tlog\cl.read.1.tlog
c:\users\дмитрий\source\repos\dmpe_lr1\dmpe_lr1\x64\debug\dmpe_lr1.tlog\cl.write.1.tlog
c:\users\дмитрий\source\repos\dmpe_lr1\dmpe_lr1\x64\debug\dmpe_lr1.tlog\link.command.1.tlog
c:\users\дмитрий\source\repos\dmpe_lr1\dmpe_lr1\x64\debug\dmpe_lr1.tlog\link.read.1.tlog
c:\users\дмитрий\source\repos\dmpe_lr1\dmpe_lr1\x64\debug\dmpe_lr1.tlog\link.secondary.1.tlog
c:\users\дмитрий\source\repos\dmpe_lr1\dmpe_lr1\x64\debug\dmpe_lr1.tlog\link.write.1.tlog
c:\users\дмитрий\source\repos\dmpe_lr1\dmpe_lr1\x64\debug\dmpe_lr1_md.tlog\cl.command.1.tlog
c:\users\дмитрий\source\repos\dmpe_lr1\dmpe_lr1\x64\debug\dmpe_lr1_md.tlog\microsoft.build.cpptasks.cl.read.1.tlog
c:\users\дмитрий\source\repos\dmpe_lr1\dmpe_lr1\x64\debug\dmpe_lr1_md.tlog\microsoft.build.cpptasks.cl.write.1.tlog
