c:\users\дмитрий\source\repos\dmpe_lr1\dmpe_lr1\x64\release\vc143.pdb
c:\users\дмитрий\source\repos\dmpe_lr1\dmpe_lr1\x64\release\structures.obj
c:\users\дмитрий\source\repos\dmpe_lr1\dmpe_lr1\x64\release\linearalgebraalgorithms.obj
c:\users\дмитрий\source\repos\dmpe_lr1\dmpe_lr1\x64\release\main.obj
c:\users\дмитрий\source\repos\dmpe_lr1\dmpe_lr1\x64\release\luprecondition.obj
c:\users\дмитрий\source\repos\dmpe_lr1\dmpe_lr1\x64\release\los_lu.obj
c:\users\дмитрий\source\repos\dmpe_lr1\dmpe_lr1\x64\release\inverseproblemsolutionr.obj
c:\users\дмитрий\source\repos\dmpe_lr1\dmpe_lr1\x64\release\input.obj
c:\users\дмитрий\source\repos\dmpe_lr1\dmpe_lr1\x64\release\gmres_lu.obj
c:\users\дмитрий\source\repos\dmpe_lr1\dmpe_lr1\x64\release\gausssolver.obj
c:\users\дмитрий\source\repos\dmpe_lr1\dmpe_lr1\x64\release\functionsofarea.obj
c:\users\дмитрий\source\repos\dmpe_lr1\dmpe_lr1\x64\release\functionsforglobalmatrix.obj
c:\users\дмитрий\source\repos\dmpe_lr1\dmpe_lr1\x64\release\calcglobalmatrix.obj
c:\users\дмитрий\source\repos\dmpe_lr1\dmpe_lr1\x64\release\bicgstab.obj
c:\users\дмитрий\source\repos\dmpe_lr1\dmpe_lr1\x64\release\additionalfunctions.obj
c:\users\дмитрий\source\repos\dmpe_lr1\x64\release\dmpe_lr1.exe
c:\users\дмитрий\source\repos\dmpe_lr1\x64\release\dmpe_lr1.pdb
c:\users\дмитрий\source\repos\dmpe_lr1\dmpe_lr1\x64\release\dmpe_lr1.ipdb
c:\users\дмитрий\source\repos\dmpe_lr1\dmpe_lr1\x64\release\dmpe_lr1.iobj
c:\users\дмитрий\source\repos\dmpe_lr1\dmpe_lr1\x64\release\dmpe_lr1.tlog\cl.command.1.tlog
c:\users\дмитрий\source\repos\dmpe_lr1\dmpe_lr1\x64\release\dmpe_lr1.tlog\cl.items.tlog
c:\users\дмитрий\source\repos\dmpe_lr1\dmpe_lr1\x64\release\dmpe_lr1.tlog\cl.read.1.tlog
c:\users\дмитрий\source\repos\dmpe_lr1\dmpe_lr1\x64\release\dmpe_lr1.tlog\cl.write.1.tlog
c:\users\дмитрий\source\repos\dmpe_lr1\dmpe_lr1\x64\release\dmpe_lr1.tlog\link.command.1.tlog
c:\users\дмитрий\source\repos\dmpe_lr1\dmpe_lr1\x64\release\dmpe_lr1.tlog\link.read.1.tlog
c:\users\дмитрий\source\repos\dmpe_lr1\dmpe_lr1\x64\release\dmpe_lr1.tlog\link.secondary.1.tlog
c:\users\дмитрий\source\repos\dmpe_lr1\dmpe_lr1\x64\release\dmpe_lr1.tlog\link.write.1.tlog
